<?xml version="1.0" encoding="UTF-8"?>
<!-- Generated by org.testng.reporters.JUnitReportReporter -->
<testsuite hostname="LAPTOP-2C6VLDBH" failures="0" tests="1" name="automate.demo1" time="64.282" errors="0" timestamp="2023-09-18T15:42:21 IST" skipped="0">
  <testcase classname="automate.demo1" name="one" time="64.282"/>
  <system-out/>
</testsuite> <!-- automate.demo1 -->
